{"C:\\Users\\USER\\Desktop\\ExploringES6\\Chapter6\\epsilon.js": {"path":"C:\\Users\\USER\\Desktop\\ExploringES6\\Chapter6\\epsilon.js","statementMap":{"0":{"start":{"line":2,"column":4},"end":{"line":2,"column":25}},"1":{"start":{"line":6,"column":4},"end":{"line":6,"column":48}},"2":{"start":{"line":9,"column":0},"end":{"line":9,"column":37}},"3":{"start":{"line":10,"column":0},"end":{"line":10,"column":37}}},"fnMap":{"0":{"name":"normalAdd","decl":{"start":{"line":1,"column":9},"end":{"line":1,"column":18}},"loc":{"start":{"line":1,"column":28},"end":{"line":3,"column":1}},"line":1},"1":{"name":"epsEquAdd","decl":{"start":{"line":5,"column":9},"end":{"line":5,"column":18}},"loc":{"start":{"line":5,"column":28},"end":{"line":7,"column":1}},"line":5}},"branchMap":{},"s":{"0":1,"1":1,"2":1,"3":1},"f":{"0":1,"1":1},"b":{},"_coverageSchema":"1a1c01bbd47fc00a2c39e90264f33305004495a9","hash":"c1b26d11d8fe0908020f0f2b5d5976ba2ff086f2"}
,"C:\\Users\\USER\\Desktop\\ExploringES6\\Chapter6\\hexNumbers.js": {"path":"C:\\Users\\USER\\Desktop\\ExploringES6\\Chapter6\\hexNumbers.js","statementMap":{"0":{"start":{"line":2,"column":4},"end":{"line":2,"column":33}},"1":{"start":{"line":6,"column":4},"end":{"line":6,"column":33}},"2":{"start":{"line":9,"column":0},"end":{"line":9,"column":35}},"3":{"start":{"line":10,"column":0},"end":{"line":10,"column":35}}},"fnMap":{"0":{"name":"hexToDec","decl":{"start":{"line":1,"column":9},"end":{"line":1,"column":17}},"loc":{"start":{"line":1,"column":25},"end":{"line":3,"column":1}},"line":1},"1":{"name":"decToHex","decl":{"start":{"line":5,"column":9},"end":{"line":5,"column":17}},"loc":{"start":{"line":5,"column":25},"end":{"line":7,"column":1}},"line":5}},"branchMap":{},"s":{"0":1,"1":1,"2":2,"3":2},"f":{"0":1,"1":1},"b":{},"_coverageSchema":"1a1c01bbd47fc00a2c39e90264f33305004495a9","hash":"f212ef0f558df2edd45a25df922529d991408bfb"}
,"C:\\Users\\USER\\Desktop\\ExploringES6\\Chapter7\\unicodeEsc.js": {"path":"C:\\Users\\USER\\Desktop\\ExploringES6\\Chapter7\\unicodeEsc.js","statementMap":{"0":{"start":{"line":2,"column":4},"end":{"line":2,"column":25}},"1":{"start":{"line":5,"column":20},"end":{"line":5,"column":47}},"2":{"start":{"line":6,"column":4},"end":{"line":6,"column":31}},"3":{"start":{"line":9,"column":0},"end":{"line":9,"column":41}},"4":{"start":{"line":10,"column":0},"end":{"line":10,"column":39}}},"fnMap":{"0":{"name":"compareThis","decl":{"start":{"line":1,"column":9},"end":{"line":1,"column":20}},"loc":{"start":{"line":1,"column":32},"end":{"line":3,"column":1}},"line":1},"1":{"name":"reverseStr","decl":{"start":{"line":4,"column":9},"end":{"line":4,"column":19}},"loc":{"start":{"line":4,"column":25},"end":{"line":7,"column":1}},"line":4}},"branchMap":{},"s":{"0":1,"1":1,"2":1,"3":1,"4":1},"f":{"0":1,"1":1},"b":{},"_coverageSchema":"1a1c01bbd47fc00a2c39e90264f33305004495a9","hash":"5bafec92ddbba65abf3ddd1e6c88220c1bfd6828"}
,"C:\\Users\\USER\\Desktop\\ExploringES6\\Chapter8\\symbolForExample.js": {"path":"C:\\Users\\USER\\Desktop\\ExploringES6\\Chapter8\\symbolForExample.js","statementMap":{"0":{"start":{"line":2,"column":4},"end":{"line":2,"column":25}},"1":{"start":{"line":6,"column":4},"end":{"line":6,"column":31}},"2":{"start":{"line":9,"column":18},"end":{"line":9,"column":26}},"3":{"start":{"line":11,"column":14},"end":{"line":15,"column":1}},"4":{"start":{"line":18,"column":4},"end":{"line":18,"column":30}},"5":{"start":{"line":21,"column":0},"end":{"line":21,"column":41}},"6":{"start":{"line":22,"column":0},"end":{"line":22,"column":41}},"7":{"start":{"line":23,"column":0},"end":{"line":23,"column":41}}},"fnMap":{"0":{"name":"isNotUnique","decl":{"start":{"line":1,"column":9},"end":{"line":1,"column":20}},"loc":{"start":{"line":1,"column":33},"end":{"line":3,"column":1}},"line":1},"1":{"name":"getKeyofSym","decl":{"start":{"line":5,"column":9},"end":{"line":5,"column":20}},"loc":{"start":{"line":5,"column":27},"end":{"line":7,"column":1}},"line":5},"2":{"name":"getObjProps","decl":{"start":{"line":17,"column":9},"end":{"line":17,"column":20}},"loc":{"start":{"line":17,"column":23},"end":{"line":19,"column":1}},"line":17}},"branchMap":{},"s":{"0":1,"1":1,"2":1,"3":1,"4":1,"5":1,"6":1,"7":1},"f":{"0":1,"1":1,"2":1},"b":{},"_coverageSchema":"1a1c01bbd47fc00a2c39e90264f33305004495a9","hash":"0b61a882e3833bba3f693b79155281ecc26e1669"}
,"C:\\Users\\USER\\Desktop\\ExploringES6\\Chapter8\\symbols.js": {"path":"C:\\Users\\USER\\Desktop\\ExploringES6\\Chapter8\\symbols.js","statementMap":{"0":{"start":{"line":2,"column":4},"end":{"line":2,"column":25}},"1":{"start":{"line":6,"column":4},"end":{"line":6,"column":23}},"2":{"start":{"line":9,"column":16},"end":{"line":9,"column":58}},"3":{"start":{"line":11,"column":12},"end":{"line":11,"column":14}},"4":{"start":{"line":12,"column":0},"end":{"line":12,"column":68}},"5":{"start":{"line":15,"column":4},"end":{"line":15,"column":26}},"6":{"start":{"line":18,"column":0},"end":{"line":18,"column":35}},"7":{"start":{"line":19,"column":0},"end":{"line":19,"column":31}},"8":{"start":{"line":20,"column":0},"end":{"line":20,"column":45}}},"fnMap":{"0":{"name":"isUnique","decl":{"start":{"line":1,"column":9},"end":{"line":1,"column":17}},"loc":{"start":{"line":1,"column":30},"end":{"line":3,"column":1}},"line":1},"1":{"name":"typeIs","decl":{"start":{"line":5,"column":9},"end":{"line":5,"column":15}},"loc":{"start":{"line":5,"column":22},"end":{"line":7,"column":1}},"line":5},"2":{"name":"getSymbolProp","decl":{"start":{"line":14,"column":9},"end":{"line":14,"column":22}},"loc":{"start":{"line":14,"column":25},"end":{"line":16,"column":1}},"line":14}},"branchMap":{},"s":{"0":1,"1":1,"2":1,"3":1,"4":1,"5":1,"6":1,"7":1,"8":1},"f":{"0":1,"1":1,"2":1},"b":{},"_coverageSchema":"1a1c01bbd47fc00a2c39e90264f33305004495a9","hash":"4a213c4489a513d1df5a0ba3b9fdfac4250aa8b3"}
}
