TN:
SF:Chapter10\constObject.js
FN:3,objProps
FN:7,newObjProps
FNF:2
FNH:2
FNDA:1,objProps
FNDA:1,newObjProps
DA:1,1
DA:4,1
DA:8,1
DA:9,1
DA:10,1
DA:13,1
DA:14,1
LF:7
LH:7
BRF:0
BRH:0
end_of_record
TN:
SF:Chapter10\shadowing.js
FN:1,func
FN:12,valueInblock
FN:16,valueOutblock
FNF:3
FNH:3
FNDA:2,func
FNDA:1,valueInblock
FNDA:1,valueOutblock
DA:2,2
DA:3,2
DA:4,1
DA:5,1
DA:6,1
DA:8,1
DA:9,1
DA:13,1
DA:17,1
DA:20,1
DA:21,1
LF:11
LH:11
BRDA:3,0,0,1
BRDA:3,0,1,1
BRF:2
BRH:2
end_of_record
TN:
SF:Chapter10\temporalDeadZone.js
FN:1,outerFunc
FN:4,(anonymous_1)
FNF:2
FNH:2
FNDA:2,outerFunc
FNDA:2,(anonymous_1)
DA:3,2
DA:4,2
DA:6,2
DA:7,2
DA:13,2
DA:14,2
DA:16,2
DA:19,1
DA:20,1
LF:9
LH:9
BRDA:3,0,0,2
BRDA:3,0,1,0
BRF:2
BRH:1
end_of_record
TN:
SF:Chapter10\variablesLoop.js
FN:4,varForLoop
FN:6,(anonymous_1)
FN:17,(anonymous_2)
FN:21,letForloop
FN:23,(anonymous_4)
FN:34,(anonymous_5)
FNF:6
FNH:6
FNDA:1,varForLoop
FNDA:3,(anonymous_1)
FNDA:3,(anonymous_2)
FNDA:1,letForloop
FNDA:3,(anonymous_4)
FNDA:3,(anonymous_5)
DA:1,1
DA:2,1
DA:5,1
DA:6,3
DA:17,3
DA:18,1
DA:22,1
DA:23,3
DA:34,3
DA:35,1
DA:38,1
DA:39,1
LF:12
LH:12
BRF:0
BRH:0
end_of_record
TN:
SF:Chapter11\destructuring.js
FN:12,getSpiderName
FN:17,getSpiderAunt
FN:22,getSpiderEnemies
FN:27,getSpiderHobby
FNF:4
FNH:4
FNDA:1,getSpiderName
FNDA:1,getSpiderAunt
FNDA:1,getSpiderEnemies
FNDA:1,getSpiderHobby
DA:1,1
DA:13,1
DA:14,1
DA:18,1
DA:19,1
DA:23,1
DA:24,1
DA:28,1
DA:29,1
DA:32,1
DA:33,1
DA:34,1
DA:35,1
LF:13
LH:13
BRDA:28,0,0,1
BRF:1
BRH:1
end_of_record
TN:
SF:Chapter11\destructuringArr.js
FN:3,getVillians
FN:7,getSuperHeroes
FN:13,getIndianHero
FNF:3
FNH:3
FNDA:2,getVillians
FNDA:1,getSuperHeroes
FNDA:1,getIndianHero
DA:1,1
DA:2,1
DA:4,2
DA:5,2
DA:8,1
DA:9,1
DA:12,1
DA:14,1
DA:15,1
DA:17,1
DA:18,1
DA:19,1
DA:20,1
LF:13
LH:13
BRDA:14,0,0,1
BRDA:14,1,0,1
BRF:2
BRH:2
end_of_record
TN:
SF:Chapter13\thisArrow.js
FN:3,(anonymous_0)
FN:4,(anonymous_1)
FN:5,(anonymous_2)
FNF:3
FNH:3
FNDA:1,(anonymous_0)
FNDA:1,(anonymous_1)
FNDA:1,(anonymous_2)
DA:1,1
DA:3,1
DA:5,1
DA:6,1
DA:10,1
LF:5
LH:5
BRF:0
BRH:0
end_of_record
TN:
SF:Chapter15\addingProps.js
FN:12,(anonymous_0)
FN:14,getTolexCost
FN:18,getTolexColour
FN:22,getTolexFounding
FN:28,getNewWatch
FNF:5
FNH:5
FNDA:2,(anonymous_0)
FNDA:1,getTolexCost
FNDA:1,getTolexColour
FNDA:2,getTolexFounding
FNDA:1,getNewWatch
DA:1,1
DA:5,1
DA:12,2
DA:15,1
DA:19,1
DA:23,2
DA:24,2
DA:25,2
DA:29,1
DA:30,1
DA:32,1
DA:33,1
LF:12
LH:12
BRF:0
BRH:0
end_of_record
TN:
SF:Chapter16\classExpression.js
FN:2,(anonymous_0)
FN:8,(anonymous_1)
FN:11,(anonymous_2)
FN:14,(anonymous_3)
FN:17,(anonymous_4)
FN:20,(anonymous_5)
FNF:6
FNH:5
FNDA:1,(anonymous_0)
FNDA:0,(anonymous_1)
FNDA:1,(anonymous_2)
FNDA:1,(anonymous_3)
FNDA:1,(anonymous_4)
FNDA:1,(anonymous_5)
DA:1,1
DA:4,1
DA:5,1
DA:6,1
DA:9,0
DA:12,1
DA:15,1
DA:18,1
DA:21,1
DA:22,1
DA:25,1
DA:27,1
LF:12
LH:11
BRDA:2,0,0,1
BRF:1
BRH:1
end_of_record
TN:
SF:Chapter6\epsilon.js
FN:1,normalAdd
FN:5,epsEquAdd
FNF:2
FNH:2
FNDA:1,normalAdd
FNDA:1,epsEquAdd
DA:2,1
DA:6,1
DA:9,1
DA:10,1
LF:4
LH:4
BRF:0
BRH:0
end_of_record
TN:
SF:Chapter6\hexNumbers.js
FN:1,hexToDec
FN:5,decToHex
FNF:2
FNH:2
FNDA:1,hexToDec
FNDA:1,decToHex
DA:2,1
DA:6,1
DA:9,2
DA:10,2
LF:4
LH:4
BRF:0
BRH:0
end_of_record
TN:
SF:Chapter7\unicodeEsc.js
FN:1,compareThis
FN:4,reverseStr
FNF:2
FNH:2
FNDA:1,compareThis
FNDA:1,reverseStr
DA:2,1
DA:5,1
DA:6,1
DA:9,1
DA:10,1
LF:5
LH:5
BRF:0
BRH:0
end_of_record
TN:
SF:Chapter8\JSONsymbols.js
FN:1,symbolReplacer
FN:17,symbolReviver
FNF:2
FNH:2
FNDA:6,symbolReplacer
FNDA:3,symbolReviver
DA:2,6
DA:3,2
DA:5,4
DA:8,1
DA:9,1
DA:13,1
DA:14,1
DA:16,1
DA:18,3
DA:19,2
DA:20,2
DA:21,1
DA:22,1
DA:25,2
DA:28,1
DA:29,1
DA:31,1
DA:32,1
DA:33,1
DA:34,1
DA:35,1
DA:36,1
LF:22
LH:22
BRDA:2,0,0,2
BRDA:2,0,1,4
BRDA:18,1,0,2
BRDA:18,1,1,1
BRDA:20,2,0,1
BRDA:20,2,1,1
BRF:6
BRH:6
end_of_record
TN:
SF:Chapter8\symbolForExample.js
FN:1,isNotUnique
FN:5,getKeyofSym
FN:17,getObjProps
FNF:3
FNH:3
FNDA:1,isNotUnique
FNDA:1,getKeyofSym
FNDA:1,getObjProps
DA:2,1
DA:6,1
DA:9,1
DA:11,1
DA:18,1
DA:21,1
DA:22,1
DA:23,1
LF:8
LH:8
BRF:0
BRH:0
end_of_record
TN:
SF:Chapter8\symbols.js
FN:1,isUnique
FN:5,typeIs
FN:14,getSymbolProp
FNF:3
FNH:3
FNDA:1,isUnique
FNDA:1,typeIs
FNDA:1,getSymbolProp
DA:2,1
DA:6,1
DA:9,1
DA:11,1
DA:12,1
DA:15,1
DA:18,1
DA:19,1
DA:20,1
LF:9
LH:9
BRF:0
BRH:0
end_of_record
TN:
SF:Chapter9\multiLineStr.js
FN:1,greetPerson
FNF:1
FNH:1
FNDA:2,greetPerson
DA:2,2
DA:6,1
DA:8,1
LF:3
LH:3
BRF:0
BRH:0
end_of_record
TN:
SF:Chapter9\taggedTemplate.js
FN:1,sayHello
FNF:1
FNH:1
FNDA:1,sayHello
DA:2,1
DA:5,1
LF:2
LH:2
BRF:0
BRH:0
end_of_record
